<?xml version="1.0" encoding="UTF-8"?>
<testsuite xmlns:xsi="http://www.w3.org/2001/XMLSchema-instance" xsi:noNamespaceSchemaLocation="https://maven.apache.org/surefire/maven-surefire-plugin/xsd/surefire-test-report.xsd" version="3.0.2" name="com.hs.blog.HsBlogApplicationTests" time="3.61" tests="1" errors="0" skipped="0" failures="0">
  <properties>
[...]
</properties>
  <testcase name="contextLoads" classname="com.hs.blog.HsBlogApplicationTests" time="0.448">
    <system-out><![CDATA[14:02:11.891 [main] INFO org.springframework.test.context.support.AnnotationConfigContextLoaderUtils -- Could not detect default configuration classes for test class [com.hs.blog.HsBlogApplicationTests]: HsBlogApplicationTests does not declare any static, non-private, non-final, nested classes annotated with @Configuration.
14:02:11.978 [main] INFO org.springframework.boot.test.context.SpringBootTestContextBootstrapper -- Found @SpringBootConfiguration com.hs.blog.HsBlogApplication for test class com.hs.blog.HsBlogApplicationTests

  .   ____          _            __ _ _
 /\\ / ___'_ __ _ _(_)_ __  __ _ \ \ \ \
( ( )\___ | '_ | '_| | '_ \/ _` | \ \ \ \
 \\/  ___)| |_)| | | | | || (_| |  ) ) ) )
  '  |____| .__|_| |_|_| |_\__, | / / / /
 =========|_|==============|___/=/_/_/_/

 :: Spring Boot ::                (v3.4.4)

2025-04-30T14:02:12.338+08:00  INFO 47596 --- [hs-blog] [           main] com.hs.blog.HsBlogApplicationTests       : Starting HsBlogApplicationTests using Java 17.0.10 with PID 47596 (started by LHS in D:\myblog\hs-blog)
2025-04-30T14:02:12.340+08:00  INFO 47596 --- [hs-blog] [           main] com.hs.blog.HsBlogApplicationTests       : No active profile set, falling back to 1 default profile: "default"
2025-04-30T14:02:12.958+08:00  INFO 47596 --- [hs-blog] [           main] .s.d.r.c.RepositoryConfigurationDelegate : Multiple Spring Data modules found, entering strict repository configuration mode
2025-04-30T14:02:12.960+08:00  INFO 47596 --- [hs-blog] [           main] .s.d.r.c.RepositoryConfigurationDelegate : Bootstrapping Spring Data Redis repositories in DEFAULT mode.
2025-04-30T14:02:12.981+08:00  INFO 47596 --- [hs-blog] [           main] .s.d.r.c.RepositoryConfigurationDelegate : Finished Spring Data repository scanning in 10 ms. Found 0 Redis repository interfaces.
Logging initialized using 'class org.apache.ibatis.logging.stdout.StdOutImpl' adapter.
Get /192.168.0.119 network interface 
Get network interface info: name:wlan2 (Intel(R) Wi-Fi 6E AX210 160MHz)
Initialization Sequence datacenterId:30 workerId:18
 _ _   |_  _ _|_. ___ _ |    _ 
| | |\/|_)(_| | |_\  |_)||_|_\ 
     /               |         
                        3.5.11 
2025-04-30T14:02:14.426+08:00  INFO 47596 --- [hs-blog] [           main] o.s.v.b.OptionalValidatorFactoryBean     : Failed to set up a Bean Validation provider: jakarta.validation.NoProviderFoundException: Unable to create a Configuration, because no Jakarta Bean Validation provider could be found. Add a provider like Hibernate Validator (RI) to your classpath.
2025-04-30T14:02:14.931+08:00  INFO 47596 --- [hs-blog] [           main] com.hs.blog.HsBlogApplicationTests       : Started HsBlogApplicationTests in 2.813 seconds (process running for 3.738)
]]></system-out>
  </testcase>
</testsuite>