<?xml version="1.0" encoding="UTF-8"?>
<testsuite xmlns:xsi="http://www.w3.org/2001/XMLSchema-instance" xsi:noNamespaceSchemaLocation="https://maven.apache.org/surefire/maven-surefire-plugin/xsd/surefire-test-report.xsd" version="3.0.2" name="com.hs.blog.HsBlogApplicationTests" time="2.632" tests="1" errors="0" skipped="0" failures="0">
  <properties>
[...]
</properties>
  <testcase name="contextLoads" classname="com.hs.blog.HsBlogApplicationTests" time="0.48">
    <system-out><![CDATA[20:31:44.445 [main] INFO org.springframework.test.context.support.AnnotationConfigContextLoaderUtils -- Could not detect default configuration classes for test class [com.hs.blog.HsBlogApplicationTests]: HsBlogApplicationTests does not declare any static, non-private, non-final, nested classes annotated with @Configuration.
20:31:44.517 [main] INFO org.springframework.boot.test.context.SpringBootTestContextBootstrapper -- Found @SpringBootConfiguration com.hs.blog.HsBlogApplication for test class com.hs.blog.HsBlogApplicationTests

  .   ____          _            __ _ _
 /\\ / ___'_ __ _ _(_)_ __  __ _ \ \ \ \
( ( )\___ | '_ | '_| | '_ \/ _` | \ \ \ \
 \\/  ___)| |_)| | | | | || (_| |  ) ) ) )
  '  |____| .__|_| |_|_| |_\__, | / / / /
 =========|_|==============|___/=/_/_/_/

 :: Spring Boot ::                (v3.4.4)

2025-04-14T20:31:44.827+08:00  INFO 5612 --- [hs-blog] [           main] com.hs.blog.HsBlogApplicationTests       : Starting HsBlogApplicationTests using Java 17.0.10 with PID 5612 (started by LHS in D:\myblog\hs-blog)
2025-04-14T20:31:44.828+08:00  INFO 5612 --- [hs-blog] [           main] com.hs.blog.HsBlogApplicationTests       : No active profile set, falling back to 1 default profile: "default"
Logging initialized using 'class org.apache.ibatis.logging.stdout.StdOutImpl' adapter.
Get /192.168.0.119 network interface 
Get network interface info: name:wlan2 (Intel(R) Wi-Fi 6E AX210 160MHz)
Initialization Sequence datacenterId:30 workerId:31
 _ _   |_  _ _|_. ___ _ |    _ 
| | |\/|_)(_| | |_\  |_)||_|_\ 
     /               |         
                        3.5.11 
2025-04-14T20:31:46.172+08:00  INFO 5612 --- [hs-blog] [           main] o.s.v.b.OptionalValidatorFactoryBean     : Failed to set up a Bean Validation provider: jakarta.validation.NoProviderFoundException: Unable to create a Configuration, because no Jakarta Bean Validation provider could be found. Add a provider like Hibernate Validator (RI) to your classpath.
2025-04-14T20:31:46.492+08:00  INFO 5612 --- [hs-blog] [           main] com.hs.blog.HsBlogApplicationTests       : Started HsBlogApplicationTests in 1.858 seconds (process running for 2.487)
]]></system-out>
  </testcase>
</testsuite>